<?xml version="1.0" encoding="UTF-8"?>
<!-- Generated by org.testng.reporters.JUnitReportReporter -->
<testsuite hostname="DESKTOP-M0OO5DE" failures="0" tests="2" name="runner.Runner_01" time="14.118" errors="0" timestamp="2023-01-23T15:30:41 IST" skipped="0">
  <testcase classname="runner.Runner_01" name="runScenario" time="8.146"/>
  <system-out/>
  <testcase classname="runner.Runner_01" name="runScenario" time="5.972"/>
  <system-out/>
</testsuite> <!-- runner.Runner_01 -->
